<?xml version="1.0" encoding="UTF-8"?>
<!-- Generated by org.testng.reporters.JUnitReportReporter -->
<testsuite hostname="DESKTOP-P1IVBML" failures="0" tests="1" name="inetSolve1.inetSolve1.App" time="0.013" errors="0" timestamp="2020-04-14T23:31:59 IST" skipped="0">
  <testcase classname="inetSolve1.inetSolve1.App" name="LoginTest" time="0.013"/>
  <system-out/>
</testsuite> <!-- inetSolve1.inetSolve1.App -->
